<?xml version="1.0" encoding="UTF-8"?>
<!-- Generated by org.testng.reporters.JUnitReportReporter -->
<testsuite hostname="LM0004686" failures="0" tests="1" name="tests.HomePageTest" time="10.296" errors="0" timestamp="2025-06-25T17:19:48 IST" skipped="0">
  <testcase classname="tests.HomePageTest" name="testLoginToOrderFlow" time="10.296"/>
</testsuite> <!-- tests.HomePageTest -->
