<?xml version="1.0" encoding="UTF-8"?>
<!-- Generated by org.testng.reporters.JUnitReportReporter -->
<testsuite hostname="LM0004686" failures="0" tests="1" name="tests.HomePageTest" time="20.084" errors="0" timestamp="2025-07-02T09:54:28 IST" skipped="0">
  <testcase classname="tests.HomePageTest" name="testLoginToOrderFlow" time="20.084"/>
</testsuite> <!-- tests.HomePageTest -->
